0 info it worked if it ends with ok
1 verbose cli [ '/home/ubuntu/.nvm/versions/node/v4.7.3/bin/node',
1 verbose cli   '/home/ubuntu/.nvm/versions/node/v4.7.3/bin/npm',
1 verbose cli   'install',
1 verbose cli   'randtoken' ]
2 info using npm@2.15.11
3 info using node@v4.7.3
4 verbose install initial load of /home/ubuntu/workspace/SOS/L011/package.json
5 warn package.json l010@1.0.0 No description
6 warn package.json l010@1.0.0 No repository field.
7 warn package.json l010@1.0.0 No README data
8 verbose installManyTop reading scoped package data from /home/ubuntu/workspace/SOS/L011/node_modules/body-parser/package.json
9 verbose installManyTop reading scoped package data from /home/ubuntu/workspace/SOS/L011/node_modules/expres/package.json
10 verbose installManyTop reading scoped package data from /home/ubuntu/workspace/SOS/L011/node_modules/express/package.json
11 verbose installManyTop reading scoped package data from /home/ubuntu/workspace/SOS/L011/node_modules/helmet/package.json
12 verbose installManyTop reading scoped package data from /home/ubuntu/workspace/SOS/L011/node_modules/mongodb/package.json
13 verbose installManyTop reading scoped package data from /home/ubuntu/workspace/SOS/L011/node_modules/nedb/package.json
14 verbose readDependencies loading dependencies from /home/ubuntu/workspace/SOS/L011/package.json
15 silly cache add args [ 'randtoken', null ]
16 verbose cache add spec randtoken
17 silly cache add parsed spec Result {
17 silly cache add   raw: 'randtoken',
17 silly cache add   scope: null,
17 silly cache add   name: 'randtoken',
17 silly cache add   rawSpec: '',
17 silly cache add   spec: 'latest',
17 silly cache add   type: 'tag' }
18 silly addNamed randtoken@latest
19 verbose addNamed "latest" is being treated as a dist-tag for randtoken
20 info addNameTag [ 'randtoken', 'latest' ]
21 silly mapToRegistry name randtoken
22 silly mapToRegistry using default registry
23 silly mapToRegistry registry https://registry.npmjs.org/
24 silly mapToRegistry data Result {
24 silly mapToRegistry   raw: 'randtoken',
24 silly mapToRegistry   scope: null,
24 silly mapToRegistry   name: 'randtoken',
24 silly mapToRegistry   rawSpec: '',
24 silly mapToRegistry   spec: 'latest',
24 silly mapToRegistry   type: 'tag' }
25 silly mapToRegistry uri https://registry.npmjs.org/randtoken
26 verbose addNameTag registry:https://registry.npmjs.org/randtoken not in flight; fetching
27 verbose request uri https://registry.npmjs.org/randtoken
28 verbose request no auth needed
29 info attempt registry request try #1 at 9:24:41 AM
30 verbose request id d22989be1475969b
31 http request GET https://registry.npmjs.org/randtoken
32 http 404 https://registry.npmjs.org/randtoken
33 verbose headers { 'content-type': 'application/json',
33 verbose headers   'cache-control': 'max-age=0',
33 verbose headers   'content-length': '2',
33 verbose headers   'accept-ranges': 'bytes',
33 verbose headers   date: 'Thu, 20 Apr 2017 09:24:41 GMT',
33 verbose headers   via: '1.1 varnish',
33 verbose headers   age: '0',
33 verbose headers   connection: 'keep-alive',
33 verbose headers   'x-served-by': 'cache-lcy1142-LCY',
33 verbose headers   'x-cache': 'MISS',
33 verbose headers   'x-cache-hits': '0',
33 verbose headers   'x-timer': 'S1492680282.586901,VS0,VE396',
33 verbose headers   vary: 'Accept-Encoding' }
34 silly get cb [ 404,
34 silly get   { 'content-type': 'application/json',
34 silly get     'cache-control': 'max-age=0',
34 silly get     'content-length': '2',
34 silly get     'accept-ranges': 'bytes',
34 silly get     date: 'Thu, 20 Apr 2017 09:24:41 GMT',
34 silly get     via: '1.1 varnish',
34 silly get     age: '0',
34 silly get     connection: 'keep-alive',
34 silly get     'x-served-by': 'cache-lcy1142-LCY',
34 silly get     'x-cache': 'MISS',
34 silly get     'x-cache-hits': '0',
34 silly get     'x-timer': 'S1492680282.586901,VS0,VE396',
34 silly get     vary: 'Accept-Encoding' } ]
35 verbose stack Error: Registry returned 404 for GET on https://registry.npmjs.org/randtoken
35 verbose stack     at makeError (/home/ubuntu/.nvm/versions/node/v4.7.3/lib/node_modules/npm/node_modules/npm-registry-client/lib/request.js:302:12)
35 verbose stack     at CachingRegistryClient.<anonymous> (/home/ubuntu/.nvm/versions/node/v4.7.3/lib/node_modules/npm/node_modules/npm-registry-client/lib/request.js:280:14)
35 verbose stack     at Request._callback (/home/ubuntu/.nvm/versions/node/v4.7.3/lib/node_modules/npm/node_modules/npm-registry-client/lib/request.js:210:14)
35 verbose stack     at Request.self.callback (/home/ubuntu/.nvm/versions/node/v4.7.3/lib/node_modules/npm/node_modules/request/request.js:187:22)
35 verbose stack     at emitTwo (events.js:87:13)
35 verbose stack     at Request.emit (events.js:172:7)
35 verbose stack     at Request.<anonymous> (/home/ubuntu/.nvm/versions/node/v4.7.3/lib/node_modules/npm/node_modules/request/request.js:1044:10)
35 verbose stack     at emitOne (events.js:77:13)
35 verbose stack     at Request.emit (events.js:169:7)
35 verbose stack     at IncomingMessage.<anonymous> (/home/ubuntu/.nvm/versions/node/v4.7.3/lib/node_modules/npm/node_modules/request/request.js:965:12)
36 verbose statusCode 404
37 verbose pkgid randtoken
38 verbose cwd /home/ubuntu/workspace/SOS/L011
39 error Linux 4.9.17-c9
40 error argv "/home/ubuntu/.nvm/versions/node/v4.7.3/bin/node" "/home/ubuntu/.nvm/versions/node/v4.7.3/bin/npm" "install" "randtoken"
41 error node v4.7.3
42 error npm  v2.15.11
43 error code E404
44 error 404 Registry returned 404 for GET on https://registry.npmjs.org/randtoken
44 error 404
44 error 404 'randtoken' is not in the npm registry.
44 error 404 You should bug the author to publish it (or use the name yourself!)
44 error 404 It was specified as a dependency of 'l010'
44 error 404
44 error 404 Note that you can also install from a
44 error 404 tarball, folder, http url, or git url.
45 verbose exit [ 1, true ]
